<?xml version="1.0" encoding="UTF-8"?>
<!-- Generated by org.testng.reporters.JUnitXMLReporter -->
<testsuite ignored="5" hostname="DESKTOP-0BKCJVS" failures="2" tests="32" name="SFMSApplication" time="247.799" errors="0" timestamp="30 Nov 2021 05:02:07 GMT">
  <testcase classname="com.iftas.methodsTest.LoginTest" name="loginDetails" time="0.696"/>
  <testcase classname="com.iftas.methodsTest.AddEnvironmentsTest" name="loginDetails" time="0.611"/>
  <testcase classname="com.iftas.methodsTest.TechnologiesTest" name="loginDetails" time="0.667"/>
  <testcase classname="com.iftas.methodsTest.TestTypesTest" name="loginDetails" time="0.594"/>
  <testcase classname="com.iftas.methodsTest.AddingProductTest" name="loginDetails" time="0.592"/>
  <testcase classname="com.iftas.methodsTest.AddRoleTest" name="loginDetails" time="0.637"/>
  <testcase classname="com.iftas.methodsTest.LoginTest" name="logoutDetails" time="4.35"/>
  <testcase classname="com.iftas.methodsTest.AddEnvironmentsTest" name="CreateEnvironment" time="2.408"/>
  <testcase classname="com.iftas.methodsTest.TechnologiesTest" name="Activate" time="12.869"/>
  <testcase classname="com.iftas.methodsTest.TestTypesTest" name="Activate" time="14.319"/>
  <testcase classname="com.iftas.methodsTest.AddingProductTest" name="CreateProduct" time="19.132"/>
  <testcase classname="com.iftas.methodsTest.AddRoleTest" name="CreateRole" time="24.205"/>
  <testcase classname="com.iftas.methodsTest.LoginTest" name="invalidLogin" time="4.713"/>
  <testcase classname="com.iftas.methodsTest.AddEnvironmentsTest" name="enterDetails" time="4.635"/>
  <testcase classname="com.iftas.methodsTest.TechnologiesTest" name="Deactivate" time="12.706"/>
  <testcase classname="com.iftas.methodsTest.TestTypesTest" name="logout" time="4.372"/>
  <testcase classname="com.iftas.methodsTest.AddingProductTest" name="SelectProduct" time="5.412">
    <failure type="org.openqa.selenium.StaleElementReferenceException" message="stale element reference: element is not attached to the page document
  (Session info: chrome=89.0.4389.82)
For documentation on this error, please visit: http://seleniumhq.org/exceptions/stale_element_reference.html
Build info: version: &amp;apos;3.5.2&amp;apos;, revision: &amp;apos;10229a9&amp;apos;, time: &amp;apos;2017-08-21T17:29:55.15Z&amp;apos;
System info: host: &amp;apos;DESKTOP-0BKCJVS&amp;apos;, ip: &amp;apos;192.168.29.129&amp;apos;, os.name: &amp;apos;Windows 10&amp;apos;, os.arch: &amp;apos;amd64&amp;apos;, os.version: &amp;apos;10.0&amp;apos;, java.version: &amp;apos;14.0.2&amp;apos;
Driver info: org.openqa.selenium.remote.RemoteWebDriver
Capabilities [{networkConnectionEnabled=false, chrome={chromedriverVersion=89.0.4389.23 (61b08ee2c50024bab004e48d2b1b083cdbdac579-refs/branch-heads/4389@{#294}), userDataDir=/tmp/.com.google.Chrome.ZxVTID}, timeouts={implicit=0, pageLoad=300000, script=30000}, pageLoadStrategy=normal, unhandledPromptBehavior=dismiss and notify, strictFileInteractability=false, platform=ANY, proxy=Proxy(), goog:chromeOptions={debuggerAddress=localhost:34433}, webdriver.remote.sessionid=a4a9ff9aba03b299b8f48bb0888085df, acceptInsecureCerts=false, browserVersion=89.0.4389.82, browserName=chrome, javascriptEnabled=true, platformName=linux, setWindowRect=true, webauthn:extension:largeBlob=true, webauthn:virtualAuthenticators=true}]
Session ID: a4a9ff9aba03b299b8f48bb0888085df">
      <![CDATA[org.openqa.selenium.StaleElementReferenceException: stale element reference: element is not attached to the page document
  (Session info: chrome=89.0.4389.82)
For documentation on this error, please visit: http://seleniumhq.org/exceptions/stale_element_reference.html
Build info: version: '3.5.2', revision: '10229a9', time: '2017-08-21T17:29:55.15Z'
System info: host: 'DESKTOP-0BKCJVS', ip: '192.168.29.129', os.name: 'Windows 10', os.arch: 'amd64', os.version: '10.0', java.version: '14.0.2'
Driver info: org.openqa.selenium.remote.RemoteWebDriver
Capabilities [{networkConnectionEnabled=false, chrome={chromedriverVersion=89.0.4389.23 (61b08ee2c50024bab004e48d2b1b083cdbdac579-refs/branch-heads/4389@{#294}), userDataDir=/tmp/.com.google.Chrome.ZxVTID}, timeouts={implicit=0, pageLoad=300000, script=30000}, pageLoadStrategy=normal, unhandledPromptBehavior=dismiss and notify, strictFileInteractability=false, platform=ANY, proxy=Proxy(), goog:chromeOptions={debuggerAddress=localhost:34433}, webdriver.remote.sessionid=a4a9ff9aba03b299b8f48bb0888085df, acceptInsecureCerts=false, browserVersion=89.0.4389.82, browserName=chrome, javascriptEnabled=true, platformName=linux, setWindowRect=true, webauthn:extension:largeBlob=true, webauthn:virtualAuthenticators=true}]
Session ID: a4a9ff9aba03b299b8f48bb0888085df
	at org.openqa.selenium.remote.http.W3CHttpResponseCodec.createException(W3CHttpResponseCodec.java:185)
	at org.openqa.selenium.remote.http.W3CHttpResponseCodec.decode(W3CHttpResponseCodec.java:120)
	at org.openqa.selenium.remote.http.W3CHttpResponseCodec.decode(W3CHttpResponseCodec.java:49)
	at org.openqa.selenium.remote.HttpCommandExecutor.execute(HttpCommandExecutor.java:164)
	at org.openqa.selenium.remote.RemoteWebDriver.execute(RemoteWebDriver.java:641)
	at org.openqa.selenium.remote.RemoteWebElement.execute(RemoteWebElement.java:275)
	at org.openqa.selenium.remote.RemoteWebElement.getText(RemoteWebElement.java:159)
	at com.iftas.methods.AddingProduct.selectProduct(AddingProduct.java:123)
	at com.iftas.methodsTest.AddingProductTest.SelectProduct(AddingProductTest.java:31)
... Removed 30 stack frames]]>
    </failure>
  </testcase> <!-- SelectProduct -->
  <testcase classname="com.iftas.methodsTest.AddRoleTest" name="DeleteRole" time="7.098"/>
  <testcase classname="com.iftas.methodsTest.LoginTest" name="textClear" time="4.737"/>
  <testcase classname="com.iftas.methodsTest.AddingProductTest" name="CreateTestSuite" time="24.278"/>
  <testcase classname="com.iftas.methodsTest.AddEnvironmentsTest" name="editEnvironment" time="7.423"/>
  <testcase classname="com.iftas.methodsTest.TechnologiesTest" name="logout" time="4.419"/>
  <testcase classname="com.iftas.methodsTest.AddRoleTest" name="addmem" time="11.512"/>
  <testcase classname="com.iftas.methodsTest.LoginTest" name="invalidPass" time="5.154"/>
  <testcase classname="com.iftas.methodsTest.AddingProductTest" name="CreateExe" time="3.173">
    <failure type="org.openqa.selenium.WebDriverException" message="element click intercepted: Element &amp;lt;button class=&amp;quot;btn-2 mb-1&amp;quot;&amp;gt;...&amp;lt;/button&amp;gt; is not clickable at point (133, 253). Other element would receive the click: &amp;lt;div class=&amp;quot;modal-backdrop&amp;quot;&amp;gt;&amp;lt;/div&amp;gt;
  (Session info: chrome=89.0.4389.82)
Build info: version: &amp;apos;3.5.2&amp;apos;, revision: &amp;apos;10229a9&amp;apos;, time: &amp;apos;2017-08-21T17:29:55.15Z&amp;apos;
System info: host: &amp;apos;DESKTOP-0BKCJVS&amp;apos;, ip: &amp;apos;192.168.29.129&amp;apos;, os.name: &amp;apos;Windows 10&amp;apos;, os.arch: &amp;apos;amd64&amp;apos;, os.version: &amp;apos;10.0&amp;apos;, java.version: &amp;apos;14.0.2&amp;apos;
Driver info: org.openqa.selenium.remote.RemoteWebDriver
Capabilities [{networkConnectionEnabled=false, chrome={chromedriverVersion=89.0.4389.23 (61b08ee2c50024bab004e48d2b1b083cdbdac579-refs/branch-heads/4389@{#294}), userDataDir=/tmp/.com.google.Chrome.ZxVTID}, timeouts={implicit=0, pageLoad=300000, script=30000}, pageLoadStrategy=normal, unhandledPromptBehavior=dismiss and notify, strictFileInteractability=false, platform=ANY, proxy=Proxy(), goog:chromeOptions={debuggerAddress=localhost:34433}, webdriver.remote.sessionid=a4a9ff9aba03b299b8f48bb0888085df, acceptInsecureCerts=false, browserVersion=89.0.4389.82, browserName=chrome, javascriptEnabled=true, platformName=linux, setWindowRect=true, webauthn:extension:largeBlob=true, webauthn:virtualAuthenticators=true}]
Session ID: a4a9ff9aba03b299b8f48bb0888085df">
      <![CDATA[org.openqa.selenium.WebDriverException: element click intercepted: Element <button class="btn-2 mb-1">...</button> is not clickable at point (133, 253). Other element would receive the click: <div class="modal-backdrop"></div>
  (Session info: chrome=89.0.4389.82)
Build info: version: '3.5.2', revision: '10229a9', time: '2017-08-21T17:29:55.15Z'
System info: host: 'DESKTOP-0BKCJVS', ip: '192.168.29.129', os.name: 'Windows 10', os.arch: 'amd64', os.version: '10.0', java.version: '14.0.2'
Driver info: org.openqa.selenium.remote.RemoteWebDriver
Capabilities [{networkConnectionEnabled=false, chrome={chromedriverVersion=89.0.4389.23 (61b08ee2c50024bab004e48d2b1b083cdbdac579-refs/branch-heads/4389@{#294}), userDataDir=/tmp/.com.google.Chrome.ZxVTID}, timeouts={implicit=0, pageLoad=300000, script=30000}, pageLoadStrategy=normal, unhandledPromptBehavior=dismiss and notify, strictFileInteractability=false, platform=ANY, proxy=Proxy(), goog:chromeOptions={debuggerAddress=localhost:34433}, webdriver.remote.sessionid=a4a9ff9aba03b299b8f48bb0888085df, acceptInsecureCerts=false, browserVersion=89.0.4389.82, browserName=chrome, javascriptEnabled=true, platformName=linux, setWindowRect=true, webauthn:extension:largeBlob=true, webauthn:virtualAuthenticators=true}]
Session ID: a4a9ff9aba03b299b8f48bb0888085df
	at org.openqa.selenium.remote.http.W3CHttpResponseCodec.createException(W3CHttpResponseCodec.java:185)
	at org.openqa.selenium.remote.http.W3CHttpResponseCodec.decode(W3CHttpResponseCodec.java:120)
	at org.openqa.selenium.remote.http.W3CHttpResponseCodec.decode(W3CHttpResponseCodec.java:49)
	at org.openqa.selenium.remote.HttpCommandExecutor.execute(HttpCommandExecutor.java:164)
	at org.openqa.selenium.remote.RemoteWebDriver.execute(RemoteWebDriver.java:641)
	at org.openqa.selenium.remote.RemoteWebElement.execute(RemoteWebElement.java:275)
	at org.openqa.selenium.remote.RemoteWebElement.click(RemoteWebElement.java:82)
	at org.openqa.selenium.support.pagefactory.internal.LocatingElementHandler.invoke(LocatingElementHandler.java:51)
	at com.sun.proxy.$Proxy14.click(Unknown Source)
	at com.iftas.methods.AddingProduct.createExecution(AddingProduct.java:167)
	at com.iftas.methodsTest.AddingProductTest.CreateExe(AddingProductTest.java:47)
... Removed 33 stack frames]]>
    </failure>
  </testcase> <!-- CreateExe -->
  <testcase classname="com.iftas.methodsTest.AddRoleTest" name="logout" time="4.38"/>
  <testcase classname="com.iftas.methodsTest.AddEnvironmentsTest" name="deleteEnvironment" time="12.084"/>
  <testcase classname="com.iftas.methodsTest.LoginTest" name="cleartext" time="4.69"/>
  <testcase classname="com.iftas.methodsTest.AddingProductTest" name="logout" time="4.386"/>
  <testcase classname="com.iftas.methodsTest.AddEnvironmentsTest" name="logout" time="4.39"/>
  <testcase classname="com.iftas.methodsTest.LoginTest" name="loginData" time="0.56"/>
  <testcase classname="com.iftas.methodsTest.LoginTest" name="logout" time="4.388"/>
  <testcase classname="com.iftas.methods.BaseClass" name="@BeforeSuite setUpSuite" time="0.0">
    <ignored/>
  </testcase> <!-- @BeforeSuite setUpSuite -->
  <testcase classname="com.iftas.methods.BaseClass" name="@BeforeSuite setUpSuite" time="0.0">
    <ignored/>
  </testcase> <!-- @BeforeSuite setUpSuite -->
  <testcase classname="com.iftas.methods.BaseClass" name="@BeforeSuite setUpSuite" time="0.0">
    <ignored/>
  </testcase> <!-- @BeforeSuite setUpSuite -->
  <testcase classname="com.iftas.methods.BaseClass" name="@BeforeSuite setUpSuite" time="0.0">
    <ignored/>
  </testcase> <!-- @BeforeSuite setUpSuite -->
  <testcase classname="com.iftas.methods.BaseClass" name="@BeforeSuite setUpSuite" time="0.0">
    <ignored/>
  </testcase> <!-- @BeforeSuite setUpSuite -->
</testsuite> <!-- SFMSApplication -->
