<html>
<head>
<title>TestNG:  SFMSApplication</title>
<link href="../testng.css" rel="stylesheet" type="text/css" />
<link href="../my-testng.css" rel="stylesheet" type="text/css" />

<style type="text/css">
.log { display: none;} 
.stack-trace { display: none;} 
</style>
<script type="text/javascript">
<!--
function flip(e) {
  current = e.style.display;
  if (current == 'block') {
    e.style.display = 'none';
    return 0;
  }
  else {
    e.style.display = 'block';
    return 1;
  }
}

function toggleBox(szDivId, elem, msg1, msg2)
{
  var res = -1;  if (document.getElementById) {
    res = flip(document.getElementById(szDivId));
  }
  else if (document.all) {
    // this is the way old msie versions work
    res = flip(document.all[szDivId]);
  }
  if(elem) {
    if(res == 0) elem.innerHTML = msg1; else elem.innerHTML = msg2;
  }

}

function toggleAllBoxes() {
  if (document.getElementsByTagName) {
    d = document.getElementsByTagName('div');
    for (i = 0; i < d.length; i++) {
      if (d[i].className == 'log') {
        flip(d[i]);
      }
    }
  }
}

// -->
</script>

</head>
<body>
<h2 align='center'>SFMSApplication</h2><table border='1' align="center">
<tr>
<td>Tests passed/Failed/Skipped:</td><td>30/2/0</td>
</tr><tr>
<td>Started on:</td><td>Tue Nov 30 10:27:59 IST 2021</td>
</tr>
<tr><td>Total time:</td><td>247 seconds (247799 ms)</td>
</tr><tr>
<td>Included groups:</td><td></td>
</tr><tr>
<td>Excluded groups:</td><td></td>
</tr>
</table><p/>
<small><i>(Hover the method name to see the test class name)</i></small><p/>
<table width='100%' border='1' class='invocation-failed'>
<tr><td colspan='4' align='center'><b>FAILED TESTS</b></td></tr>
<tr><td><b>Test method</b></td>
<td width="30%"><b>Exception</b></td>
<td width="10%"><b>Time (seconds)</b></td>
<td><b>Instance</b></td>
</tr>
<tr>
<td title='com.iftas.methodsTest.AddingProductTest.CreateExe()'><b>CreateExe</b><br>Test class: com.iftas.methodsTest.AddingProductTest</td>
<td><div><pre>org.openqa.selenium.WebDriverException: element click intercepted: Element &lt;button class=&quot;btn-2 mb-1&quot;&gt;...&lt;/button&gt; is not clickable at point (133, 253). Other element would receive the click: &lt;div class=&quot;modal-backdrop&quot;&gt;&lt;/div&gt;
  (Session info: chrome=89.0.4389.82)
Build info: version: &apos;3.5.2&apos;, revision: &apos;10229a9&apos;, time: &apos;2017-08-21T17:29:55.15Z&apos;
System info: host: &apos;DESKTOP-0BKCJVS&apos;, ip: &apos;192.168.29.129&apos;, os.name: &apos;Windows 10&apos;, os.arch: &apos;amd64&apos;, os.version: &apos;10.0&apos;, java.version: &apos;14.0.2&apos;
Driver info: org.openqa.selenium.remote.RemoteWebDriver
Capabilities [{networkConnectionEnabled=false, chrome={chromedriverVersion=89.0.4389.23 (61b08ee2c50024bab004e48d2b1b083cdbdac579-refs/branch-heads/4389@{#294}), userDataDir=/tmp/.com.google.Chrome.ZxVTID}, timeouts={implicit=0, pageLoad=300000, script=30000}, pageLoadStrategy=normal, unhandledPromptBehavior=dismiss and notify, strictFileInteractability=false, platform=ANY, proxy=Proxy(), goog:chromeOptions={debuggerAddress=localhost:34433}, webdriver.remote.sessionid=a4a9ff9aba03b299b8f48bb0888085df, acceptInsecureCerts=false, browserVersion=89.0.4389.82, browserName=chrome, javascriptEnabled=true, platformName=linux, setWindowRect=true, webauthn:extension:largeBlob=true, webauthn:virtualAuthenticators=true}]
Session ID: a4a9ff9aba03b299b8f48bb0888085df
	at org.openqa.selenium.remote.http.W3CHttpResponseCodec.createException(W3CHttpResponseCodec.java:185)
	at org.openqa.selenium.remote.http.W3CHttpResponseCodec.decode(W3CHttpResponseCodec.java:120)
	at org.openqa.selenium.remote.http.W3CHttpResponseCodec.decode(W3CHttpResponseCodec.java:49)
	at org.openqa.selenium.remote.HttpCommandExecutor.execute(HttpCommandExecutor.java:164)
	at org.openqa.selenium.remote.RemoteWebDriver.execute(RemoteWebDriver.java:641)
	at org.openqa.selenium.remote.RemoteWebElement.execute(RemoteWebElement.java:275)
	at org.openqa.selenium.remote.RemoteWebElement.click(RemoteWebElement.java:82)
	at org.openqa.selenium.support.pagefactory.internal.LocatingElementHandler.invoke(LocatingElementHandler.java:51)
	at com.sun.proxy.$Proxy14.click(Unknown Source)
	at com.iftas.methods.AddingProduct.createExecution(AddingProduct.java:167)
	at com.iftas.methodsTest.AddingProductTest.CreateExe(AddingProductTest.java:47)
... Removed 33 stack frames</pre></div><a href='#' onClick='toggleBox("stack-trace1914740115", this, "Click to show all stack frames", "Click to hide stack frames")'>Click to show all stack frames</a>
<div class='stack-trace' id='stack-trace1914740115'><pre>org.openqa.selenium.WebDriverException: element click intercepted: Element &lt;button class=&quot;btn-2 mb-1&quot;&gt;...&lt;/button&gt; is not clickable at point (133, 253). Other element would receive the click: &lt;div class=&quot;modal-backdrop&quot;&gt;&lt;/div&gt;
  (Session info: chrome=89.0.4389.82)
Build info: version: &apos;3.5.2&apos;, revision: &apos;10229a9&apos;, time: &apos;2017-08-21T17:29:55.15Z&apos;
System info: host: &apos;DESKTOP-0BKCJVS&apos;, ip: &apos;192.168.29.129&apos;, os.name: &apos;Windows 10&apos;, os.arch: &apos;amd64&apos;, os.version: &apos;10.0&apos;, java.version: &apos;14.0.2&apos;
Driver info: org.openqa.selenium.remote.RemoteWebDriver
Capabilities [{networkConnectionEnabled=false, chrome={chromedriverVersion=89.0.4389.23 (61b08ee2c50024bab004e48d2b1b083cdbdac579-refs/branch-heads/4389@{#294}), userDataDir=/tmp/.com.google.Chrome.ZxVTID}, timeouts={implicit=0, pageLoad=300000, script=30000}, pageLoadStrategy=normal, unhandledPromptBehavior=dismiss and notify, strictFileInteractability=false, platform=ANY, proxy=Proxy(), goog:chromeOptions={debuggerAddress=localhost:34433}, webdriver.remote.sessionid=a4a9ff9aba03b299b8f48bb0888085df, acceptInsecureCerts=false, browserVersion=89.0.4389.82, browserName=chrome, javascriptEnabled=true, platformName=linux, setWindowRect=true, webauthn:extension:largeBlob=true, webauthn:virtualAuthenticators=true}]
Session ID: a4a9ff9aba03b299b8f48bb0888085df
	at java.base/jdk.internal.reflect.NativeConstructorAccessorImpl.newInstance0(Native Method)
	at java.base/jdk.internal.reflect.NativeConstructorAccessorImpl.newInstance(NativeConstructorAccessorImpl.java:62)
	at java.base/jdk.internal.reflect.DelegatingConstructorAccessorImpl.newInstance(DelegatingConstructorAccessorImpl.java:45)
	at java.base/java.lang.reflect.Constructor.newInstanceWithCaller(Constructor.java:500)
	at java.base/java.lang.reflect.Constructor.newInstance(Constructor.java:481)
	at org.openqa.selenium.remote.http.W3CHttpResponseCodec.createException(W3CHttpResponseCodec.java:185)
	at org.openqa.selenium.remote.http.W3CHttpResponseCodec.decode(W3CHttpResponseCodec.java:120)
	at org.openqa.selenium.remote.http.W3CHttpResponseCodec.decode(W3CHttpResponseCodec.java:49)
	at org.openqa.selenium.remote.HttpCommandExecutor.execute(HttpCommandExecutor.java:164)
	at org.openqa.selenium.remote.RemoteWebDriver.execute(RemoteWebDriver.java:641)
	at org.openqa.selenium.remote.RemoteWebElement.execute(RemoteWebElement.java:275)
	at org.openqa.selenium.remote.RemoteWebElement.click(RemoteWebElement.java:82)
	at jdk.internal.reflect.GeneratedMethodAccessor1.invoke(Unknown Source)
	at java.base/jdk.internal.reflect.DelegatingMethodAccessorImpl.invoke(DelegatingMethodAccessorImpl.java:43)
	at java.base/java.lang.reflect.Method.invoke(Method.java:564)
	at org.openqa.selenium.support.pagefactory.internal.LocatingElementHandler.invoke(LocatingElementHandler.java:51)
	at com.sun.proxy.$Proxy14.click(Unknown Source)
	at com.iftas.methods.AddingProduct.createExecution(AddingProduct.java:167)
	at com.iftas.methodsTest.AddingProductTest.CreateExe(AddingProductTest.java:47)
	at java.base/jdk.internal.reflect.NativeMethodAccessorImpl.invoke0(Native Method)
	at java.base/jdk.internal.reflect.NativeMethodAccessorImpl.invoke(NativeMethodAccessorImpl.java:62)
	at java.base/jdk.internal.reflect.DelegatingMethodAccessorImpl.invoke(DelegatingMethodAccessorImpl.java:43)
	at java.base/java.lang.reflect.Method.invoke(Method.java:564)
	at org.testng.internal.MethodInvocationHelper.invokeMethod(MethodInvocationHelper.java:108)
	at org.testng.internal.Invoker.invokeMethod(Invoker.java:661)
	at org.testng.internal.Invoker.invokeTestMethod(Invoker.java:869)
	at org.testng.internal.Invoker.invokeTestMethods(Invoker.java:1193)
	at org.testng.internal.TestMethodWorker.invokeTestMethods(TestMethodWorker.java:126)
	at org.testng.internal.TestMethodWorker.run(TestMethodWorker.java:109)
	at org.testng.TestRunner.privateRun(TestRunner.java:744)
	at org.testng.TestRunner.run(TestRunner.java:602)
	at org.testng.SuiteRunner.runTest(SuiteRunner.java:380)
	at org.testng.SuiteRunner.runSequentially(SuiteRunner.java:375)
	at org.testng.SuiteRunner.privateRun(SuiteRunner.java:340)
	at org.testng.SuiteRunner.run(SuiteRunner.java:289)
	at org.testng.SuiteRunnerWorker.runSuite(SuiteRunnerWorker.java:52)
	at org.testng.SuiteRunnerWorker.run(SuiteRunnerWorker.java:86)
	at org.testng.TestNG.runSuitesSequentially(TestNG.java:1301)
	at org.testng.TestNG.runSuitesLocally(TestNG.java:1226)
	at org.testng.TestNG.runSuites(TestNG.java:1144)
	at org.testng.TestNG.run(TestNG.java:1115)
	at org.testng.remote.AbstractRemoteTestNG.run(AbstractRemoteTestNG.java:115)
	at org.testng.remote.RemoteTestNG.initAndRun(RemoteTestNG.java:251)
	at org.testng.remote.RemoteTestNG.main(RemoteTestNG.java:77)
</pre></div></td>
<td>3</td>
<td>com.iftas.methodsTest.AddingProductTest@5fbe4146</td></tr>
<tr>
<td title='com.iftas.methodsTest.AddingProductTest.SelectProduct()'><b>SelectProduct</b><br>Test class: com.iftas.methodsTest.AddingProductTest</td>
<td><div><pre>org.openqa.selenium.StaleElementReferenceException: stale element reference: element is not attached to the page document
  (Session info: chrome=89.0.4389.82)
For documentation on this error, please visit: http://seleniumhq.org/exceptions/stale_element_reference.html
Build info: version: &apos;3.5.2&apos;, revision: &apos;10229a9&apos;, time: &apos;2017-08-21T17:29:55.15Z&apos;
System info: host: &apos;DESKTOP-0BKCJVS&apos;, ip: &apos;192.168.29.129&apos;, os.name: &apos;Windows 10&apos;, os.arch: &apos;amd64&apos;, os.version: &apos;10.0&apos;, java.version: &apos;14.0.2&apos;
Driver info: org.openqa.selenium.remote.RemoteWebDriver
Capabilities [{networkConnectionEnabled=false, chrome={chromedriverVersion=89.0.4389.23 (61b08ee2c50024bab004e48d2b1b083cdbdac579-refs/branch-heads/4389@{#294}), userDataDir=/tmp/.com.google.Chrome.ZxVTID}, timeouts={implicit=0, pageLoad=300000, script=30000}, pageLoadStrategy=normal, unhandledPromptBehavior=dismiss and notify, strictFileInteractability=false, platform=ANY, proxy=Proxy(), goog:chromeOptions={debuggerAddress=localhost:34433}, webdriver.remote.sessionid=a4a9ff9aba03b299b8f48bb0888085df, acceptInsecureCerts=false, browserVersion=89.0.4389.82, browserName=chrome, javascriptEnabled=true, platformName=linux, setWindowRect=true, webauthn:extension:largeBlob=true, webauthn:virtualAuthenticators=true}]
Session ID: a4a9ff9aba03b299b8f48bb0888085df
	at org.openqa.selenium.remote.http.W3CHttpResponseCodec.createException(W3CHttpResponseCodec.java:185)
	at org.openqa.selenium.remote.http.W3CHttpResponseCodec.decode(W3CHttpResponseCodec.java:120)
	at org.openqa.selenium.remote.http.W3CHttpResponseCodec.decode(W3CHttpResponseCodec.java:49)
	at org.openqa.selenium.remote.HttpCommandExecutor.execute(HttpCommandExecutor.java:164)
	at org.openqa.selenium.remote.RemoteWebDriver.execute(RemoteWebDriver.java:641)
	at org.openqa.selenium.remote.RemoteWebElement.execute(RemoteWebElement.java:275)
	at org.openqa.selenium.remote.RemoteWebElement.getText(RemoteWebElement.java:159)
	at com.iftas.methods.AddingProduct.selectProduct(AddingProduct.java:123)
	at com.iftas.methodsTest.AddingProductTest.SelectProduct(AddingProductTest.java:31)
... Removed 30 stack frames</pre></div><a href='#' onClick='toggleBox("stack-trace420993295", this, "Click to show all stack frames", "Click to hide stack frames")'>Click to show all stack frames</a>
<div class='stack-trace' id='stack-trace420993295'><pre>org.openqa.selenium.StaleElementReferenceException: stale element reference: element is not attached to the page document
  (Session info: chrome=89.0.4389.82)
For documentation on this error, please visit: http://seleniumhq.org/exceptions/stale_element_reference.html
Build info: version: &apos;3.5.2&apos;, revision: &apos;10229a9&apos;, time: &apos;2017-08-21T17:29:55.15Z&apos;
System info: host: &apos;DESKTOP-0BKCJVS&apos;, ip: &apos;192.168.29.129&apos;, os.name: &apos;Windows 10&apos;, os.arch: &apos;amd64&apos;, os.version: &apos;10.0&apos;, java.version: &apos;14.0.2&apos;
Driver info: org.openqa.selenium.remote.RemoteWebDriver
Capabilities [{networkConnectionEnabled=false, chrome={chromedriverVersion=89.0.4389.23 (61b08ee2c50024bab004e48d2b1b083cdbdac579-refs/branch-heads/4389@{#294}), userDataDir=/tmp/.com.google.Chrome.ZxVTID}, timeouts={implicit=0, pageLoad=300000, script=30000}, pageLoadStrategy=normal, unhandledPromptBehavior=dismiss and notify, strictFileInteractability=false, platform=ANY, proxy=Proxy(), goog:chromeOptions={debuggerAddress=localhost:34433}, webdriver.remote.sessionid=a4a9ff9aba03b299b8f48bb0888085df, acceptInsecureCerts=false, browserVersion=89.0.4389.82, browserName=chrome, javascriptEnabled=true, platformName=linux, setWindowRect=true, webauthn:extension:largeBlob=true, webauthn:virtualAuthenticators=true}]
Session ID: a4a9ff9aba03b299b8f48bb0888085df
	at java.base/jdk.internal.reflect.NativeConstructorAccessorImpl.newInstance0(Native Method)
	at java.base/jdk.internal.reflect.NativeConstructorAccessorImpl.newInstance(NativeConstructorAccessorImpl.java:62)
	at java.base/jdk.internal.reflect.DelegatingConstructorAccessorImpl.newInstance(DelegatingConstructorAccessorImpl.java:45)
	at java.base/java.lang.reflect.Constructor.newInstanceWithCaller(Constructor.java:500)
	at java.base/java.lang.reflect.Constructor.newInstance(Constructor.java:481)
	at org.openqa.selenium.remote.http.W3CHttpResponseCodec.createException(W3CHttpResponseCodec.java:185)
	at org.openqa.selenium.remote.http.W3CHttpResponseCodec.decode(W3CHttpResponseCodec.java:120)
	at org.openqa.selenium.remote.http.W3CHttpResponseCodec.decode(W3CHttpResponseCodec.java:49)
	at org.openqa.selenium.remote.HttpCommandExecutor.execute(HttpCommandExecutor.java:164)
	at org.openqa.selenium.remote.RemoteWebDriver.execute(RemoteWebDriver.java:641)
	at org.openqa.selenium.remote.RemoteWebElement.execute(RemoteWebElement.java:275)
	at org.openqa.selenium.remote.RemoteWebElement.getText(RemoteWebElement.java:159)
	at com.iftas.methods.AddingProduct.selectProduct(AddingProduct.java:123)
	at com.iftas.methodsTest.AddingProductTest.SelectProduct(AddingProductTest.java:31)
	at java.base/jdk.internal.reflect.NativeMethodAccessorImpl.invoke0(Native Method)
	at java.base/jdk.internal.reflect.NativeMethodAccessorImpl.invoke(NativeMethodAccessorImpl.java:62)
	at java.base/jdk.internal.reflect.DelegatingMethodAccessorImpl.invoke(DelegatingMethodAccessorImpl.java:43)
	at java.base/java.lang.reflect.Method.invoke(Method.java:564)
	at org.testng.internal.MethodInvocationHelper.invokeMethod(MethodInvocationHelper.java:108)
	at org.testng.internal.Invoker.invokeMethod(Invoker.java:661)
	at org.testng.internal.Invoker.invokeTestMethod(Invoker.java:869)
	at org.testng.internal.Invoker.invokeTestMethods(Invoker.java:1193)
	at org.testng.internal.TestMethodWorker.invokeTestMethods(TestMethodWorker.java:126)
	at org.testng.internal.TestMethodWorker.run(TestMethodWorker.java:109)
	at org.testng.TestRunner.privateRun(TestRunner.java:744)
	at org.testng.TestRunner.run(TestRunner.java:602)
	at org.testng.SuiteRunner.runTest(SuiteRunner.java:380)
	at org.testng.SuiteRunner.runSequentially(SuiteRunner.java:375)
	at org.testng.SuiteRunner.privateRun(SuiteRunner.java:340)
	at org.testng.SuiteRunner.run(SuiteRunner.java:289)
	at org.testng.SuiteRunnerWorker.runSuite(SuiteRunnerWorker.java:52)
	at org.testng.SuiteRunnerWorker.run(SuiteRunnerWorker.java:86)
	at org.testng.TestNG.runSuitesSequentially(TestNG.java:1301)
	at org.testng.TestNG.runSuitesLocally(TestNG.java:1226)
	at org.testng.TestNG.runSuites(TestNG.java:1144)
	at org.testng.TestNG.run(TestNG.java:1115)
	at org.testng.remote.AbstractRemoteTestNG.run(AbstractRemoteTestNG.java:115)
	at org.testng.remote.RemoteTestNG.initAndRun(RemoteTestNG.java:251)
	at org.testng.remote.RemoteTestNG.main(RemoteTestNG.java:77)
</pre></div></td>
<td>5</td>
<td>com.iftas.methodsTest.AddingProductTest@5fbe4146</td></tr>
</table><p>
<table width='100%' border='1' class='invocation-passed'>
<tr><td colspan='4' align='center'><b>PASSED TESTS</b></td></tr>
<tr><td><b>Test method</b></td>
<td width="30%"><b>Exception</b></td>
<td width="10%"><b>Time (seconds)</b></td>
<td><b>Instance</b></td>
</tr>
<tr>
<td title='com.iftas.methodsTest.TechnologiesTest.Activate()'><b>Activate</b><br>Test class: com.iftas.methodsTest.TechnologiesTest</td>
<td></td>
<td>12</td>
<td>com.iftas.methodsTest.TechnologiesTest@3c3d9b6b</td></tr>
<tr>
<td title='com.iftas.methodsTest.TestTypesTest.Activate()'><b>Activate</b><br>Test class: com.iftas.methodsTest.TestTypesTest</td>
<td></td>
<td>14</td>
<td>com.iftas.methodsTest.TestTypesTest@79d8407f</td></tr>
<tr>
<td title='com.iftas.methodsTest.AddEnvironmentsTest.CreateEnvironment()'><b>CreateEnvironment</b><br>Test class: com.iftas.methodsTest.AddEnvironmentsTest</td>
<td></td>
<td>2</td>
<td>com.iftas.methodsTest.AddEnvironmentsTest@158a8276</td></tr>
<tr>
<td title='com.iftas.methodsTest.AddingProductTest.CreateProduct()'><b>CreateProduct</b><br>Test class: com.iftas.methodsTest.AddingProductTest</td>
<td></td>
<td>19</td>
<td>com.iftas.methodsTest.AddingProductTest@5fbe4146</td></tr>
<tr>
<td title='com.iftas.methodsTest.AddRoleTest.CreateRole()'><b>CreateRole</b><br>Test class: com.iftas.methodsTest.AddRoleTest</td>
<td></td>
<td>24</td>
<td>com.iftas.methodsTest.AddRoleTest@1e66f1f5</td></tr>
<tr>
<td title='com.iftas.methodsTest.AddingProductTest.CreateTestSuite()'><b>CreateTestSuite</b><br>Test class: com.iftas.methodsTest.AddingProductTest</td>
<td></td>
<td>24</td>
<td>com.iftas.methodsTest.AddingProductTest@5fbe4146</td></tr>
<tr>
<td title='com.iftas.methodsTest.TechnologiesTest.Deactivate()'><b>Deactivate</b><br>Test class: com.iftas.methodsTest.TechnologiesTest</td>
<td></td>
<td>12</td>
<td>com.iftas.methodsTest.TechnologiesTest@3c3d9b6b</td></tr>
<tr>
<td title='com.iftas.methodsTest.AddRoleTest.DeleteRole()'><b>DeleteRole</b><br>Test class: com.iftas.methodsTest.AddRoleTest</td>
<td></td>
<td>7</td>
<td>com.iftas.methodsTest.AddRoleTest@1e66f1f5</td></tr>
<tr>
<td title='com.iftas.methodsTest.AddRoleTest.addmem()'><b>addmem</b><br>Test class: com.iftas.methodsTest.AddRoleTest</td>
<td></td>
<td>11</td>
<td>com.iftas.methodsTest.AddRoleTest@1e66f1f5</td></tr>
<tr>
<td title='com.iftas.methodsTest.LoginTest.cleartext()'><b>cleartext</b><br>Test class: com.iftas.methodsTest.LoginTest</td>
<td></td>
<td>4</td>
<td>com.iftas.methodsTest.LoginTest@13b6aecc</td></tr>
<tr>
<td title='com.iftas.methodsTest.AddEnvironmentsTest.deleteEnvironment()'><b>deleteEnvironment</b><br>Test class: com.iftas.methodsTest.AddEnvironmentsTest</td>
<td></td>
<td>12</td>
<td>com.iftas.methodsTest.AddEnvironmentsTest@158a8276</td></tr>
<tr>
<td title='com.iftas.methodsTest.AddEnvironmentsTest.editEnvironment()'><b>editEnvironment</b><br>Test class: com.iftas.methodsTest.AddEnvironmentsTest</td>
<td></td>
<td>7</td>
<td>com.iftas.methodsTest.AddEnvironmentsTest@158a8276</td></tr>
<tr>
<td title='com.iftas.methodsTest.AddEnvironmentsTest.enterDetails()'><b>enterDetails</b><br>Test class: com.iftas.methodsTest.AddEnvironmentsTest</td>
<td></td>
<td>4</td>
<td>com.iftas.methodsTest.AddEnvironmentsTest@158a8276</td></tr>
<tr>
<td title='com.iftas.methodsTest.LoginTest.invalidLogin()'><b>invalidLogin</b><br>Test class: com.iftas.methodsTest.LoginTest</td>
<td></td>
<td>4</td>
<td>com.iftas.methodsTest.LoginTest@13b6aecc</td></tr>
<tr>
<td title='com.iftas.methodsTest.LoginTest.invalidPass()'><b>invalidPass</b><br>Test class: com.iftas.methodsTest.LoginTest</td>
<td></td>
<td>5</td>
<td>com.iftas.methodsTest.LoginTest@13b6aecc</td></tr>
<tr>
<td title='com.iftas.methodsTest.LoginTest.loginData()'><b>loginData</b><br>Test class: com.iftas.methodsTest.LoginTest</td>
<td></td>
<td>0</td>
<td>com.iftas.methodsTest.LoginTest@13b6aecc</td></tr>
<tr>
<td title='com.iftas.methodsTest.LoginTest.loginDetails()'><b>loginDetails</b><br>Test class: com.iftas.methodsTest.LoginTest</td>
<td></td>
<td>0</td>
<td>com.iftas.methodsTest.LoginTest@13b6aecc</td></tr>
<tr>
<td title='com.iftas.methodsTest.AddEnvironmentsTest.loginDetails()'><b>loginDetails</b><br>Test class: com.iftas.methodsTest.AddEnvironmentsTest</td>
<td></td>
<td>0</td>
<td>com.iftas.methodsTest.AddEnvironmentsTest@158a8276</td></tr>
<tr>
<td title='com.iftas.methodsTest.TechnologiesTest.loginDetails()'><b>loginDetails</b><br>Test class: com.iftas.methodsTest.TechnologiesTest</td>
<td></td>
<td>0</td>
<td>com.iftas.methodsTest.TechnologiesTest@3c3d9b6b</td></tr>
<tr>
<td title='com.iftas.methodsTest.TestTypesTest.loginDetails()'><b>loginDetails</b><br>Test class: com.iftas.methodsTest.TestTypesTest</td>
<td></td>
<td>0</td>
<td>com.iftas.methodsTest.TestTypesTest@79d8407f</td></tr>
<tr>
<td title='com.iftas.methodsTest.AddingProductTest.loginDetails()'><b>loginDetails</b><br>Test class: com.iftas.methodsTest.AddingProductTest</td>
<td></td>
<td>0</td>
<td>com.iftas.methodsTest.AddingProductTest@5fbe4146</td></tr>
<tr>
<td title='com.iftas.methodsTest.AddRoleTest.loginDetails()'><b>loginDetails</b><br>Test class: com.iftas.methodsTest.AddRoleTest</td>
<td></td>
<td>0</td>
<td>com.iftas.methodsTest.AddRoleTest@1e66f1f5</td></tr>
<tr>
<td title='com.iftas.methodsTest.TestTypesTest.logout()'><b>logout</b><br>Test class: com.iftas.methodsTest.TestTypesTest</td>
<td></td>
<td>4</td>
<td>com.iftas.methodsTest.TestTypesTest@79d8407f</td></tr>
<tr>
<td title='com.iftas.methodsTest.TechnologiesTest.logout()'><b>logout</b><br>Test class: com.iftas.methodsTest.TechnologiesTest</td>
<td></td>
<td>4</td>
<td>com.iftas.methodsTest.TechnologiesTest@3c3d9b6b</td></tr>
<tr>
<td title='com.iftas.methodsTest.AddRoleTest.logout()'><b>logout</b><br>Test class: com.iftas.methodsTest.AddRoleTest</td>
<td></td>
<td>4</td>
<td>com.iftas.methodsTest.AddRoleTest@1e66f1f5</td></tr>
<tr>
<td title='com.iftas.methodsTest.AddingProductTest.logout()'><b>logout</b><br>Test class: com.iftas.methodsTest.AddingProductTest</td>
<td></td>
<td>4</td>
<td>com.iftas.methodsTest.AddingProductTest@5fbe4146</td></tr>
<tr>
<td title='com.iftas.methodsTest.AddEnvironmentsTest.logout()'><b>logout</b><br>Test class: com.iftas.methodsTest.AddEnvironmentsTest</td>
<td></td>
<td>4</td>
<td>com.iftas.methodsTest.AddEnvironmentsTest@158a8276</td></tr>
<tr>
<td title='com.iftas.methodsTest.LoginTest.logout()'><b>logout</b><br>Test class: com.iftas.methodsTest.LoginTest</td>
<td></td>
<td>4</td>
<td>com.iftas.methodsTest.LoginTest@13b6aecc</td></tr>
<tr>
<td title='com.iftas.methodsTest.LoginTest.logoutDetails()'><b>logoutDetails</b><br>Test class: com.iftas.methodsTest.LoginTest</td>
<td></td>
<td>4</td>
<td>com.iftas.methodsTest.LoginTest@13b6aecc</td></tr>
<tr>
<td title='com.iftas.methodsTest.LoginTest.textClear()'><b>textClear</b><br>Test class: com.iftas.methodsTest.LoginTest</td>
<td></td>
<td>4</td>
<td>com.iftas.methodsTest.LoginTest@13b6aecc</td></tr>
</table><p>
</body>
</html>