<?xml version="1.0" encoding="UTF-8"?>
<testng-results ignored="5" total="37" passed="30" failed="2" skipped="0">
  <reporter-output>
  </reporter-output>
  <suite started-at="2021-11-30T04:57:59Z" name="SeleniumDockerMaven212" finished-at="2021-11-30T05:02:07Z" duration-ms="247799">
    <groups>
    </groups>
    <test started-at="2021-11-30T04:57:59Z" name="SFMSApplication" finished-at="2021-11-30T05:02:07Z" duration-ms="247799">
      <class name="com.iftas.methodsTest.TestTypesTest">
        <test-method is-config="true" signature="setup()[pri:0, instance:com.iftas.methodsTest.TestTypesTest@79d8407f]" started-at="2021-11-30T10:28:10Z" name="setup" finished-at="2021-11-30T10:28:12Z" duration-ms="2078" status="PASS">
          <reporter-output>
          </reporter-output>
        </test-method> <!-- setup -->
        <test-method signature="loginDetails()[pri:1, instance:com.iftas.methodsTest.TestTypesTest@79d8407f]" started-at="2021-11-30T10:28:12Z" name="loginDetails" finished-at="2021-11-30T10:28:12Z" duration-ms="594" status="PASS">
          <reporter-output>
          </reporter-output>
        </test-method> <!-- loginDetails -->
        <test-method is-config="true" signature="tearDownMethod(org.testng.ITestResult)[pri:0, instance:com.iftas.methodsTest.TestTypesTest@79d8407f]" started-at="2021-11-30T10:28:12Z" name="tearDownMethod" finished-at="2021-11-30T10:28:13Z" duration-ms="564" status="PASS">
          <params>
            <param index="0">
              <value>
                <![CDATA[[TestResult name=loginDetails status=SUCCESS method=TestTypesTest.loginDetails()[pri:1, instance:com.iftas.methodsTest.TestTypesTest@79d8407f] output={null}]]]>
              </value>
            </param>
          </params>
          <reporter-output>
          </reporter-output>
        </test-method> <!-- tearDownMethod -->
        <test-method signature="Activate()[pri:2, instance:com.iftas.methodsTest.TestTypesTest@79d8407f]" started-at="2021-11-30T10:28:40Z" name="Activate" finished-at="2021-11-30T10:28:54Z" duration-ms="14319" status="PASS">
          <reporter-output>
          </reporter-output>
        </test-method> <!-- Activate -->
        <test-method is-config="true" signature="tearDownMethod(org.testng.ITestResult)[pri:0, instance:com.iftas.methodsTest.TestTypesTest@79d8407f]" started-at="2021-11-30T10:28:55Z" name="tearDownMethod" finished-at="2021-11-30T10:28:55Z" duration-ms="445" status="PASS">
          <params>
            <param index="0">
              <value>
                <![CDATA[[TestResult name=Activate status=SUCCESS method=TestTypesTest.Activate()[pri:2, instance:com.iftas.methodsTest.TestTypesTest@79d8407f] output={null}]]]>
              </value>
            </param>
          </params>
          <reporter-output>
          </reporter-output>
        </test-method> <!-- tearDownMethod -->
        <test-method signature="logout()[pri:3, instance:com.iftas.methodsTest.TestTypesTest@79d8407f]" started-at="2021-11-30T10:30:04Z" name="logout" finished-at="2021-11-30T10:30:08Z" duration-ms="4372" status="PASS">
          <reporter-output>
          </reporter-output>
        </test-method> <!-- logout -->
        <test-method is-config="true" signature="tearDownMethod(org.testng.ITestResult)[pri:0, instance:com.iftas.methodsTest.TestTypesTest@79d8407f]" started-at="2021-11-30T10:30:08Z" name="tearDownMethod" finished-at="2021-11-30T10:30:09Z" duration-ms="616" status="PASS">
          <params>
            <param index="0">
              <value>
                <![CDATA[[TestResult name=logout status=SUCCESS method=TestTypesTest.logout()[pri:3, instance:com.iftas.methodsTest.TestTypesTest@79d8407f] output={null}]]]>
              </value>
            </param>
          </params>
          <reporter-output>
          </reporter-output>
        </test-method> <!-- tearDownMethod -->
        <test-method is-config="true" signature="tearDown()[pri:0, instance:com.iftas.methodsTest.TestTypesTest@79d8407f]" started-at="2021-11-30T10:30:09Z" name="tearDown" finished-at="2021-11-30T10:30:09Z" duration-ms="0" status="PASS">
          <reporter-output>
          </reporter-output>
        </test-method> <!-- tearDown -->
      </class> <!-- com.iftas.methodsTest.TestTypesTest -->
      <class name="com.iftas.methodsTest.LoginTest">
        <test-method is-config="true" signature="setUpSuite()[pri:0, instance:com.iftas.methodsTest.LoginTest@13b6aecc]" started-at="2021-11-30T10:27:59Z" name="setUpSuite" finished-at="2021-11-30T10:27:59Z" duration-ms="12" status="PASS">
          <reporter-output>
          </reporter-output>
        </test-method> <!-- setUpSuite -->
        <test-method is-config="true" signature="setup()[pri:0, instance:com.iftas.methodsTest.LoginTest@13b6aecc]" started-at="2021-11-30T10:27:59Z" name="setup" finished-at="2021-11-30T10:28:02Z" duration-ms="2629" status="PASS">
          <reporter-output>
          </reporter-output>
        </test-method> <!-- setup -->
        <test-method signature="loginDetails()[pri:1, instance:com.iftas.methodsTest.LoginTest@13b6aecc]" started-at="2021-11-30T10:28:02Z" name="loginDetails" finished-at="2021-11-30T10:28:03Z" duration-ms="696" status="PASS">
          <reporter-output>
          </reporter-output>
        </test-method> <!-- loginDetails -->
        <test-method is-config="true" signature="tearDownMethod(org.testng.ITestResult)[pri:0, instance:com.iftas.methodsTest.LoginTest@13b6aecc]" started-at="2021-11-30T10:28:04Z" name="tearDownMethod" finished-at="2021-11-30T10:28:04Z" duration-ms="581" status="PASS">
          <params>
            <param index="0">
              <value>
                <![CDATA[[TestResult name=loginDetails status=SUCCESS method=LoginTest.loginDetails()[pri:1, instance:com.iftas.methodsTest.LoginTest@13b6aecc] output={null}]]]>
              </value>
            </param>
          </params>
          <reporter-output>
          </reporter-output>
        </test-method> <!-- tearDownMethod -->
        <test-method signature="logoutDetails()[pri:2, instance:com.iftas.methodsTest.LoginTest@13b6aecc]" started-at="2021-11-30T10:28:19Z" name="logoutDetails" finished-at="2021-11-30T10:28:23Z" duration-ms="4350" status="PASS">
          <reporter-output>
          </reporter-output>
        </test-method> <!-- logoutDetails -->
        <test-method is-config="true" signature="tearDownMethod(org.testng.ITestResult)[pri:0, instance:com.iftas.methodsTest.LoginTest@13b6aecc]" started-at="2021-11-30T10:28:23Z" name="tearDownMethod" finished-at="2021-11-30T10:28:24Z" duration-ms="522" status="PASS">
          <params>
            <param index="0">
              <value>
                <![CDATA[[TestResult name=logoutDetails status=SUCCESS method=LoginTest.logoutDetails()[pri:2, instance:com.iftas.methodsTest.LoginTest@13b6aecc] output={null}]]]>
              </value>
            </param>
          </params>
          <reporter-output>
          </reporter-output>
        </test-method> <!-- tearDownMethod -->
        <test-method signature="invalidLogin()[pri:3, instance:com.iftas.methodsTest.LoginTest@13b6aecc]" started-at="2021-11-30T10:29:40Z" name="invalidLogin" finished-at="2021-11-30T10:29:44Z" duration-ms="4713" status="PASS">
          <reporter-output>
          </reporter-output>
        </test-method> <!-- invalidLogin -->
        <test-method is-config="true" signature="tearDownMethod(org.testng.ITestResult)[pri:0, instance:com.iftas.methodsTest.LoginTest@13b6aecc]" started-at="2021-11-30T10:29:45Z" name="tearDownMethod" finished-at="2021-11-30T10:29:45Z" duration-ms="514" status="PASS">
          <params>
            <param index="0">
              <value>
                <![CDATA[[TestResult name=invalidLogin status=SUCCESS method=LoginTest.invalidLogin()[pri:3, instance:com.iftas.methodsTest.LoginTest@13b6aecc] output={null}]]]>
              </value>
            </param>
          </params>
          <reporter-output>
          </reporter-output>
        </test-method> <!-- tearDownMethod -->
        <test-method signature="textClear()[pri:4, instance:com.iftas.methodsTest.LoginTest@13b6aecc]" started-at="2021-11-30T10:30:22Z" name="textClear" finished-at="2021-11-30T10:30:27Z" duration-ms="4737" status="PASS">
          <reporter-output>
          </reporter-output>
        </test-method> <!-- textClear -->
        <test-method is-config="true" signature="tearDownMethod(org.testng.ITestResult)[pri:0, instance:com.iftas.methodsTest.LoginTest@13b6aecc]" started-at="2021-11-30T10:30:27Z" name="tearDownMethod" finished-at="2021-11-30T10:30:28Z" duration-ms="551" status="PASS">
          <params>
            <param index="0">
              <value>
                <![CDATA[[TestResult name=textClear status=SUCCESS method=LoginTest.textClear()[pri:4, instance:com.iftas.methodsTest.LoginTest@13b6aecc] output={null}]]]>
              </value>
            </param>
          </params>
          <reporter-output>
          </reporter-output>
        </test-method> <!-- tearDownMethod -->
        <test-method signature="invalidPass()[pri:5, instance:com.iftas.methodsTest.LoginTest@13b6aecc]" started-at="2021-11-30T10:31:18Z" name="invalidPass" finished-at="2021-11-30T10:31:23Z" duration-ms="5154" status="PASS">
          <reporter-output>
          </reporter-output>
        </test-method> <!-- invalidPass -->
        <test-method is-config="true" signature="tearDownMethod(org.testng.ITestResult)[pri:0, instance:com.iftas.methodsTest.LoginTest@13b6aecc]" started-at="2021-11-30T10:31:23Z" name="tearDownMethod" finished-at="2021-11-30T10:31:24Z" duration-ms="1132" status="PASS">
          <params>
            <param index="0">
              <value>
                <![CDATA[[TestResult name=invalidPass status=SUCCESS method=LoginTest.invalidPass()[pri:5, instance:com.iftas.methodsTest.LoginTest@13b6aecc] output={null}]]]>
              </value>
            </param>
          </params>
          <reporter-output>
          </reporter-output>
        </test-method> <!-- tearDownMethod -->
        <test-method signature="cleartext()[pri:6, instance:com.iftas.methodsTest.LoginTest@13b6aecc]" started-at="2021-11-30T10:31:45Z" name="cleartext" finished-at="2021-11-30T10:31:50Z" duration-ms="4690" status="PASS">
          <reporter-output>
          </reporter-output>
        </test-method> <!-- cleartext -->
        <test-method is-config="true" signature="tearDownMethod(org.testng.ITestResult)[pri:0, instance:com.iftas.methodsTest.LoginTest@13b6aecc]" started-at="2021-11-30T10:31:50Z" name="tearDownMethod" finished-at="2021-11-30T10:31:51Z" duration-ms="533" status="PASS">
          <params>
            <param index="0">
              <value>
                <![CDATA[[TestResult name=cleartext status=SUCCESS method=LoginTest.cleartext()[pri:6, instance:com.iftas.methodsTest.LoginTest@13b6aecc] output={null}]]]>
              </value>
            </param>
          </params>
          <reporter-output>
          </reporter-output>
        </test-method> <!-- tearDownMethod -->
        <test-method signature="loginData()[pri:7, instance:com.iftas.methodsTest.LoginTest@13b6aecc]" started-at="2021-11-30T10:32:01Z" name="loginData" finished-at="2021-11-30T10:32:01Z" duration-ms="560" status="PASS">
          <reporter-output>
          </reporter-output>
        </test-method> <!-- loginData -->
        <test-method is-config="true" signature="tearDownMethod(org.testng.ITestResult)[pri:0, instance:com.iftas.methodsTest.LoginTest@13b6aecc]" started-at="2021-11-30T10:32:02Z" name="tearDownMethod" finished-at="2021-11-30T10:32:02Z" duration-ms="417" status="PASS">
          <params>
            <param index="0">
              <value>
                <![CDATA[[TestResult name=loginData status=SUCCESS method=LoginTest.loginData()[pri:7, instance:com.iftas.methodsTest.LoginTest@13b6aecc] output={null}]]]>
              </value>
            </param>
          </params>
          <reporter-output>
          </reporter-output>
        </test-method> <!-- tearDownMethod -->
        <test-method signature="logout()[pri:8, instance:com.iftas.methodsTest.LoginTest@13b6aecc]" started-at="2021-11-30T10:32:02Z" name="logout" finished-at="2021-11-30T10:32:06Z" duration-ms="4388" status="PASS">
          <reporter-output>
          </reporter-output>
        </test-method> <!-- logout -->
        <test-method is-config="true" signature="tearDownMethod(org.testng.ITestResult)[pri:0, instance:com.iftas.methodsTest.LoginTest@13b6aecc]" started-at="2021-11-30T10:32:07Z" name="tearDownMethod" finished-at="2021-11-30T10:32:07Z" duration-ms="640" status="PASS">
          <params>
            <param index="0">
              <value>
                <![CDATA[[TestResult name=logout status=SUCCESS method=LoginTest.logout()[pri:8, instance:com.iftas.methodsTest.LoginTest@13b6aecc] output={null}]]]>
              </value>
            </param>
          </params>
          <reporter-output>
          </reporter-output>
        </test-method> <!-- tearDownMethod -->
        <test-method is-config="true" signature="tearDown()[pri:0, instance:com.iftas.methodsTest.LoginTest@13b6aecc]" started-at="2021-11-30T10:32:07Z" name="tearDown" finished-at="2021-11-30T10:32:07Z" duration-ms="0" status="PASS">
          <reporter-output>
          </reporter-output>
        </test-method> <!-- tearDown -->
      </class> <!-- com.iftas.methodsTest.LoginTest -->
      <class name="com.iftas.methodsTest.AddEnvironmentsTest">
        <test-method is-config="true" signature="setup()[pri:0, instance:com.iftas.methodsTest.AddEnvironmentsTest@158a8276]" started-at="2021-11-30T10:28:04Z" name="setup" finished-at="2021-11-30T10:28:06Z" duration-ms="1284" status="PASS">
          <reporter-output>
          </reporter-output>
        </test-method> <!-- setup -->
        <test-method signature="loginDetails()[pri:1, instance:com.iftas.methodsTest.AddEnvironmentsTest@158a8276]" started-at="2021-11-30T10:28:06Z" name="loginDetails" finished-at="2021-11-30T10:28:06Z" duration-ms="611" status="PASS">
          <reporter-output>
          </reporter-output>
        </test-method> <!-- loginDetails -->
        <test-method is-config="true" signature="tearDownMethod(org.testng.ITestResult)[pri:0, instance:com.iftas.methodsTest.AddEnvironmentsTest@158a8276]" started-at="2021-11-30T10:28:06Z" name="tearDownMethod" finished-at="2021-11-30T10:28:07Z" duration-ms="488" status="PASS">
          <params>
            <param index="0">
              <value>
                <![CDATA[[TestResult name=loginDetails status=SUCCESS method=AddEnvironmentsTest.loginDetails()[pri:1, instance:com.iftas.methodsTest.AddEnvironmentsTest@158a8276] output={null}]]]>
              </value>
            </param>
          </params>
          <reporter-output>
          </reporter-output>
        </test-method> <!-- tearDownMethod -->
        <test-method signature="CreateEnvironment()[pri:2, instance:com.iftas.methodsTest.AddEnvironmentsTest@158a8276]" started-at="2021-11-30T10:28:24Z" name="CreateEnvironment" finished-at="2021-11-30T10:28:26Z" duration-ms="2408" status="PASS">
          <reporter-output>
          </reporter-output>
        </test-method> <!-- CreateEnvironment -->
        <test-method is-config="true" signature="tearDownMethod(org.testng.ITestResult)[pri:0, instance:com.iftas.methodsTest.AddEnvironmentsTest@158a8276]" started-at="2021-11-30T10:28:26Z" name="tearDownMethod" finished-at="2021-11-30T10:28:27Z" duration-ms="505" status="PASS">
          <params>
            <param index="0">
              <value>
                <![CDATA[[TestResult name=CreateEnvironment status=SUCCESS method=AddEnvironmentsTest.CreateEnvironment()[pri:2, instance:com.iftas.methodsTest.AddEnvironmentsTest@158a8276] output={null}]]]>
              </value>
            </param>
          </params>
          <reporter-output>
          </reporter-output>
        </test-method> <!-- tearDownMethod -->
        <test-method signature="enterDetails()[pri:3, instance:com.iftas.methodsTest.AddEnvironmentsTest@158a8276]" started-at="2021-11-30T10:29:45Z" name="enterDetails" finished-at="2021-11-30T10:29:50Z" duration-ms="4635" status="PASS">
          <reporter-output>
          </reporter-output>
        </test-method> <!-- enterDetails -->
        <test-method is-config="true" signature="tearDownMethod(org.testng.ITestResult)[pri:0, instance:com.iftas.methodsTest.AddEnvironmentsTest@158a8276]" started-at="2021-11-30T10:29:50Z" name="tearDownMethod" finished-at="2021-11-30T10:29:50Z" duration-ms="416" status="PASS">
          <params>
            <param index="0">
              <value>
                <![CDATA[[TestResult name=enterDetails status=SUCCESS method=AddEnvironmentsTest.enterDetails()[pri:3, instance:com.iftas.methodsTest.AddEnvironmentsTest@158a8276] output={null}]]]>
              </value>
            </param>
          </params>
          <reporter-output>
          </reporter-output>
        </test-method> <!-- tearDownMethod -->
        <test-method signature="editEnvironment()[pri:4, instance:com.iftas.methodsTest.AddEnvironmentsTest@158a8276]" started-at="2021-11-30T10:30:52Z" name="editEnvironment" finished-at="2021-11-30T10:31:00Z" duration-ms="7423" status="PASS">
          <reporter-output>
          </reporter-output>
        </test-method> <!-- editEnvironment -->
        <test-method is-config="true" signature="tearDownMethod(org.testng.ITestResult)[pri:0, instance:com.iftas.methodsTest.AddEnvironmentsTest@158a8276]" started-at="2021-11-30T10:31:00Z" name="tearDownMethod" finished-at="2021-11-30T10:31:00Z" duration-ms="480" status="PASS">
          <params>
            <param index="0">
              <value>
                <![CDATA[[TestResult name=editEnvironment status=SUCCESS method=AddEnvironmentsTest.editEnvironment()[pri:4, instance:com.iftas.methodsTest.AddEnvironmentsTest@158a8276] output={null}]]]>
              </value>
            </param>
          </params>
          <reporter-output>
          </reporter-output>
        </test-method> <!-- tearDownMethod -->
        <test-method signature="deleteEnvironment()[pri:5, instance:com.iftas.methodsTest.AddEnvironmentsTest@158a8276]" started-at="2021-11-30T10:31:33Z" name="deleteEnvironment" finished-at="2021-11-30T10:31:45Z" duration-ms="12084" status="PASS">
          <reporter-output>
          </reporter-output>
        </test-method> <!-- deleteEnvironment -->
        <test-method is-config="true" signature="tearDownMethod(org.testng.ITestResult)[pri:0, instance:com.iftas.methodsTest.AddEnvironmentsTest@158a8276]" started-at="2021-11-30T10:31:45Z" name="tearDownMethod" finished-at="2021-11-30T10:31:45Z" duration-ms="479" status="PASS">
          <params>
            <param index="0">
              <value>
                <![CDATA[[TestResult name=deleteEnvironment status=SUCCESS method=AddEnvironmentsTest.deleteEnvironment()[pri:5, instance:com.iftas.methodsTest.AddEnvironmentsTest@158a8276] output={null}]]]>
              </value>
            </param>
          </params>
          <reporter-output>
          </reporter-output>
        </test-method> <!-- tearDownMethod -->
        <test-method signature="logout()[pri:6, instance:com.iftas.methodsTest.AddEnvironmentsTest@158a8276]" started-at="2021-11-30T10:31:56Z" name="logout" finished-at="2021-11-30T10:32:00Z" duration-ms="4390" status="PASS">
          <reporter-output>
          </reporter-output>
        </test-method> <!-- logout -->
        <test-method is-config="true" signature="tearDownMethod(org.testng.ITestResult)[pri:0, instance:com.iftas.methodsTest.AddEnvironmentsTest@158a8276]" started-at="2021-11-30T10:32:00Z" name="tearDownMethod" finished-at="2021-11-30T10:32:01Z" duration-ms="604" status="PASS">
          <params>
            <param index="0">
              <value>
                <![CDATA[[TestResult name=logout status=SUCCESS method=AddEnvironmentsTest.logout()[pri:6, instance:com.iftas.methodsTest.AddEnvironmentsTest@158a8276] output={null}]]]>
              </value>
            </param>
          </params>
          <reporter-output>
          </reporter-output>
        </test-method> <!-- tearDownMethod -->
        <test-method is-config="true" signature="tearDown()[pri:0, instance:com.iftas.methodsTest.AddEnvironmentsTest@158a8276]" started-at="2021-11-30T10:32:01Z" name="tearDown" finished-at="2021-11-30T10:32:01Z" duration-ms="0" status="PASS">
          <reporter-output>
          </reporter-output>
        </test-method> <!-- tearDown -->
      </class> <!-- com.iftas.methodsTest.AddEnvironmentsTest -->
      <class name="com.iftas.methodsTest.AddingProductTest">
        <test-method is-config="true" signature="setup()[pri:0, instance:com.iftas.methodsTest.AddingProductTest@5fbe4146]" started-at="2021-11-30T10:28:13Z" name="setup" finished-at="2021-11-30T10:28:14Z" duration-ms="1432" status="PASS">
          <reporter-output>
          </reporter-output>
        </test-method> <!-- setup -->
        <test-method signature="loginDetails()[pri:1, instance:com.iftas.methodsTest.AddingProductTest@5fbe4146]" started-at="2021-11-30T10:28:14Z" name="loginDetails" finished-at="2021-11-30T10:28:15Z" duration-ms="592" status="PASS">
          <reporter-output>
          </reporter-output>
        </test-method> <!-- loginDetails -->
        <test-method is-config="true" signature="tearDownMethod(org.testng.ITestResult)[pri:0, instance:com.iftas.methodsTest.AddingProductTest@5fbe4146]" started-at="2021-11-30T10:28:15Z" name="tearDownMethod" finished-at="2021-11-30T10:28:16Z" duration-ms="535" status="PASS">
          <params>
            <param index="0">
              <value>
                <![CDATA[[TestResult name=loginDetails status=SUCCESS method=AddingProductTest.loginDetails()[pri:1, instance:com.iftas.methodsTest.AddingProductTest@5fbe4146] output={null}]]]>
              </value>
            </param>
          </params>
          <reporter-output>
          </reporter-output>
        </test-method> <!-- tearDownMethod -->
        <test-method signature="CreateProduct()[pri:2, instance:com.iftas.methodsTest.AddingProductTest@5fbe4146]" started-at="2021-11-30T10:28:55Z" name="CreateProduct" finished-at="2021-11-30T10:29:14Z" duration-ms="19132" status="PASS">
          <reporter-output>
          </reporter-output>
        </test-method> <!-- CreateProduct -->
        <test-method is-config="true" signature="tearDownMethod(org.testng.ITestResult)[pri:0, instance:com.iftas.methodsTest.AddingProductTest@5fbe4146]" started-at="2021-11-30T10:29:14Z" name="tearDownMethod" finished-at="2021-11-30T10:29:15Z" duration-ms="614" status="PASS">
          <params>
            <param index="0">
              <value>
                <![CDATA[[TestResult name=CreateProduct status=SUCCESS method=AddingProductTest.CreateProduct()[pri:2, instance:com.iftas.methodsTest.AddingProductTest@5fbe4146] output={null}]]]>
              </value>
            </param>
          </params>
          <reporter-output>
          </reporter-output>
        </test-method> <!-- tearDownMethod -->
        <test-method signature="SelectProduct()[pri:3, instance:com.iftas.methodsTest.AddingProductTest@5fbe4146]" started-at="2021-11-30T10:30:09Z" name="SelectProduct" finished-at="2021-11-30T10:30:14Z" duration-ms="5412" status="FAIL">
          <exception class="org.openqa.selenium.StaleElementReferenceException">
            <message>
              <![CDATA[stale element reference: element is not attached to the page document
  (Session info: chrome=89.0.4389.82)
For documentation on this error, please visit: http://seleniumhq.org/exceptions/stale_element_reference.html
Build info: version: '3.5.2', revision: '10229a9', time: '2017-08-21T17:29:55.15Z'
System info: host: 'DESKTOP-0BKCJVS', ip: '192.168.29.129', os.name: 'Windows 10', os.arch: 'amd64', os.version: '10.0', java.version: '14.0.2'
Driver info: org.openqa.selenium.remote.RemoteWebDriver
Capabilities [{networkConnectionEnabled=false, chrome={chromedriverVersion=89.0.4389.23 (61b08ee2c50024bab004e48d2b1b083cdbdac579-refs/branch-heads/4389@{#294}), userDataDir=/tmp/.com.google.Chrome.ZxVTID}, timeouts={implicit=0, pageLoad=300000, script=30000}, pageLoadStrategy=normal, unhandledPromptBehavior=dismiss and notify, strictFileInteractability=false, platform=ANY, proxy=Proxy(), goog:chromeOptions={debuggerAddress=localhost:34433}, webdriver.remote.sessionid=a4a9ff9aba03b299b8f48bb0888085df, acceptInsecureCerts=false, browserVersion=89.0.4389.82, browserName=chrome, javascriptEnabled=true, platformName=linux, setWindowRect=true, webauthn:extension:largeBlob=true, webauthn:virtualAuthenticators=true}]
Session ID: a4a9ff9aba03b299b8f48bb0888085df]]>
            </message>
            <full-stacktrace>
              <![CDATA[org.openqa.selenium.StaleElementReferenceException: stale element reference: element is not attached to the page document
  (Session info: chrome=89.0.4389.82)
For documentation on this error, please visit: http://seleniumhq.org/exceptions/stale_element_reference.html
Build info: version: '3.5.2', revision: '10229a9', time: '2017-08-21T17:29:55.15Z'
System info: host: 'DESKTOP-0BKCJVS', ip: '192.168.29.129', os.name: 'Windows 10', os.arch: 'amd64', os.version: '10.0', java.version: '14.0.2'
Driver info: org.openqa.selenium.remote.RemoteWebDriver
Capabilities [{networkConnectionEnabled=false, chrome={chromedriverVersion=89.0.4389.23 (61b08ee2c50024bab004e48d2b1b083cdbdac579-refs/branch-heads/4389@{#294}), userDataDir=/tmp/.com.google.Chrome.ZxVTID}, timeouts={implicit=0, pageLoad=300000, script=30000}, pageLoadStrategy=normal, unhandledPromptBehavior=dismiss and notify, strictFileInteractability=false, platform=ANY, proxy=Proxy(), goog:chromeOptions={debuggerAddress=localhost:34433}, webdriver.remote.sessionid=a4a9ff9aba03b299b8f48bb0888085df, acceptInsecureCerts=false, browserVersion=89.0.4389.82, browserName=chrome, javascriptEnabled=true, platformName=linux, setWindowRect=true, webauthn:extension:largeBlob=true, webauthn:virtualAuthenticators=true}]
Session ID: a4a9ff9aba03b299b8f48bb0888085df
	at java.base/jdk.internal.reflect.NativeConstructorAccessorImpl.newInstance0(Native Method)
	at java.base/jdk.internal.reflect.NativeConstructorAccessorImpl.newInstance(NativeConstructorAccessorImpl.java:62)
	at java.base/jdk.internal.reflect.DelegatingConstructorAccessorImpl.newInstance(DelegatingConstructorAccessorImpl.java:45)
	at java.base/java.lang.reflect.Constructor.newInstanceWithCaller(Constructor.java:500)
	at java.base/java.lang.reflect.Constructor.newInstance(Constructor.java:481)
	at org.openqa.selenium.remote.http.W3CHttpResponseCodec.createException(W3CHttpResponseCodec.java:185)
	at org.openqa.selenium.remote.http.W3CHttpResponseCodec.decode(W3CHttpResponseCodec.java:120)
	at org.openqa.selenium.remote.http.W3CHttpResponseCodec.decode(W3CHttpResponseCodec.java:49)
	at org.openqa.selenium.remote.HttpCommandExecutor.execute(HttpCommandExecutor.java:164)
	at org.openqa.selenium.remote.RemoteWebDriver.execute(RemoteWebDriver.java:641)
	at org.openqa.selenium.remote.RemoteWebElement.execute(RemoteWebElement.java:275)
	at org.openqa.selenium.remote.RemoteWebElement.getText(RemoteWebElement.java:159)
	at com.iftas.methods.AddingProduct.selectProduct(AddingProduct.java:123)
	at com.iftas.methodsTest.AddingProductTest.SelectProduct(AddingProductTest.java:31)
	at java.base/jdk.internal.reflect.NativeMethodAccessorImpl.invoke0(Native Method)
	at java.base/jdk.internal.reflect.NativeMethodAccessorImpl.invoke(NativeMethodAccessorImpl.java:62)
	at java.base/jdk.internal.reflect.DelegatingMethodAccessorImpl.invoke(DelegatingMethodAccessorImpl.java:43)
	at java.base/java.lang.reflect.Method.invoke(Method.java:564)
	at org.testng.internal.MethodInvocationHelper.invokeMethod(MethodInvocationHelper.java:108)
	at org.testng.internal.Invoker.invokeMethod(Invoker.java:661)
	at org.testng.internal.Invoker.invokeTestMethod(Invoker.java:869)
	at org.testng.internal.Invoker.invokeTestMethods(Invoker.java:1193)
	at org.testng.internal.TestMethodWorker.invokeTestMethods(TestMethodWorker.java:126)
	at org.testng.internal.TestMethodWorker.run(TestMethodWorker.java:109)
	at org.testng.TestRunner.privateRun(TestRunner.java:744)
	at org.testng.TestRunner.run(TestRunner.java:602)
	at org.testng.SuiteRunner.runTest(SuiteRunner.java:380)
	at org.testng.SuiteRunner.runSequentially(SuiteRunner.java:375)
	at org.testng.SuiteRunner.privateRun(SuiteRunner.java:340)
	at org.testng.SuiteRunner.run(SuiteRunner.java:289)
	at org.testng.SuiteRunnerWorker.runSuite(SuiteRunnerWorker.java:52)
	at org.testng.SuiteRunnerWorker.run(SuiteRunnerWorker.java:86)
	at org.testng.TestNG.runSuitesSequentially(TestNG.java:1301)
	at org.testng.TestNG.runSuitesLocally(TestNG.java:1226)
	at org.testng.TestNG.runSuites(TestNG.java:1144)
	at org.testng.TestNG.run(TestNG.java:1115)
	at org.testng.remote.AbstractRemoteTestNG.run(AbstractRemoteTestNG.java:115)
	at org.testng.remote.RemoteTestNG.initAndRun(RemoteTestNG.java:251)
	at org.testng.remote.RemoteTestNG.main(RemoteTestNG.java:77)
]]>
            </full-stacktrace>
          </exception> <!-- org.openqa.selenium.StaleElementReferenceException -->
          <reporter-output>
          </reporter-output>
        </test-method> <!-- SelectProduct -->
        <test-method is-config="true" signature="tearDownMethod(org.testng.ITestResult)[pri:0, instance:com.iftas.methodsTest.AddingProductTest@5fbe4146]" started-at="2021-11-30T10:30:14Z" name="tearDownMethod" finished-at="2021-11-30T10:30:14Z" duration-ms="0" status="PASS">
          <params>
            <param index="0">
              <value>
                <![CDATA[[TestResult name=SelectProduct status=FAILURE method=AddingProductTest.SelectProduct()[pri:3, instance:com.iftas.methodsTest.AddingProductTest@5fbe4146] output={null}]]]>
              </value>
            </param>
          </params>
          <reporter-output>
          </reporter-output>
        </test-method> <!-- tearDownMethod -->
        <test-method signature="CreateTestSuite()[pri:4, instance:com.iftas.methodsTest.AddingProductTest@5fbe4146]" started-at="2021-11-30T10:30:28Z" name="CreateTestSuite" finished-at="2021-11-30T10:30:52Z" duration-ms="24278" status="PASS">
          <reporter-output>
          </reporter-output>
        </test-method> <!-- CreateTestSuite -->
        <test-method is-config="true" signature="tearDownMethod(org.testng.ITestResult)[pri:0, instance:com.iftas.methodsTest.AddingProductTest@5fbe4146]" started-at="2021-11-30T10:30:52Z" name="tearDownMethod" finished-at="2021-11-30T10:30:52Z" duration-ms="503" status="PASS">
          <params>
            <param index="0">
              <value>
                <![CDATA[[TestResult name=CreateTestSuite status=SUCCESS method=AddingProductTest.CreateTestSuite()[pri:4, instance:com.iftas.methodsTest.AddingProductTest@5fbe4146] output={null}]]]>
              </value>
            </param>
          </params>
          <reporter-output>
          </reporter-output>
        </test-method> <!-- tearDownMethod -->
        <test-method signature="CreateExe()[pri:5, instance:com.iftas.methodsTest.AddingProductTest@5fbe4146]" started-at="2021-11-30T10:31:24Z" name="CreateExe" finished-at="2021-11-30T10:31:27Z" duration-ms="3173" status="FAIL">
          <exception class="org.openqa.selenium.WebDriverException">
            <message>
              <![CDATA[element click intercepted: Element <button class="btn-2 mb-1">...</button> is not clickable at point (133, 253). Other element would receive the click: <div class="modal-backdrop"></div>
  (Session info: chrome=89.0.4389.82)
Build info: version: '3.5.2', revision: '10229a9', time: '2017-08-21T17:29:55.15Z'
System info: host: 'DESKTOP-0BKCJVS', ip: '192.168.29.129', os.name: 'Windows 10', os.arch: 'amd64', os.version: '10.0', java.version: '14.0.2'
Driver info: org.openqa.selenium.remote.RemoteWebDriver
Capabilities [{networkConnectionEnabled=false, chrome={chromedriverVersion=89.0.4389.23 (61b08ee2c50024bab004e48d2b1b083cdbdac579-refs/branch-heads/4389@{#294}), userDataDir=/tmp/.com.google.Chrome.ZxVTID}, timeouts={implicit=0, pageLoad=300000, script=30000}, pageLoadStrategy=normal, unhandledPromptBehavior=dismiss and notify, strictFileInteractability=false, platform=ANY, proxy=Proxy(), goog:chromeOptions={debuggerAddress=localhost:34433}, webdriver.remote.sessionid=a4a9ff9aba03b299b8f48bb0888085df, acceptInsecureCerts=false, browserVersion=89.0.4389.82, browserName=chrome, javascriptEnabled=true, platformName=linux, setWindowRect=true, webauthn:extension:largeBlob=true, webauthn:virtualAuthenticators=true}]
Session ID: a4a9ff9aba03b299b8f48bb0888085df]]>
            </message>
            <full-stacktrace>
              <![CDATA[org.openqa.selenium.WebDriverException: element click intercepted: Element <button class="btn-2 mb-1">...</button> is not clickable at point (133, 253). Other element would receive the click: <div class="modal-backdrop"></div>
  (Session info: chrome=89.0.4389.82)
Build info: version: '3.5.2', revision: '10229a9', time: '2017-08-21T17:29:55.15Z'
System info: host: 'DESKTOP-0BKCJVS', ip: '192.168.29.129', os.name: 'Windows 10', os.arch: 'amd64', os.version: '10.0', java.version: '14.0.2'
Driver info: org.openqa.selenium.remote.RemoteWebDriver
Capabilities [{networkConnectionEnabled=false, chrome={chromedriverVersion=89.0.4389.23 (61b08ee2c50024bab004e48d2b1b083cdbdac579-refs/branch-heads/4389@{#294}), userDataDir=/tmp/.com.google.Chrome.ZxVTID}, timeouts={implicit=0, pageLoad=300000, script=30000}, pageLoadStrategy=normal, unhandledPromptBehavior=dismiss and notify, strictFileInteractability=false, platform=ANY, proxy=Proxy(), goog:chromeOptions={debuggerAddress=localhost:34433}, webdriver.remote.sessionid=a4a9ff9aba03b299b8f48bb0888085df, acceptInsecureCerts=false, browserVersion=89.0.4389.82, browserName=chrome, javascriptEnabled=true, platformName=linux, setWindowRect=true, webauthn:extension:largeBlob=true, webauthn:virtualAuthenticators=true}]
Session ID: a4a9ff9aba03b299b8f48bb0888085df
	at java.base/jdk.internal.reflect.NativeConstructorAccessorImpl.newInstance0(Native Method)
	at java.base/jdk.internal.reflect.NativeConstructorAccessorImpl.newInstance(NativeConstructorAccessorImpl.java:62)
	at java.base/jdk.internal.reflect.DelegatingConstructorAccessorImpl.newInstance(DelegatingConstructorAccessorImpl.java:45)
	at java.base/java.lang.reflect.Constructor.newInstanceWithCaller(Constructor.java:500)
	at java.base/java.lang.reflect.Constructor.newInstance(Constructor.java:481)
	at org.openqa.selenium.remote.http.W3CHttpResponseCodec.createException(W3CHttpResponseCodec.java:185)
	at org.openqa.selenium.remote.http.W3CHttpResponseCodec.decode(W3CHttpResponseCodec.java:120)
	at org.openqa.selenium.remote.http.W3CHttpResponseCodec.decode(W3CHttpResponseCodec.java:49)
	at org.openqa.selenium.remote.HttpCommandExecutor.execute(HttpCommandExecutor.java:164)
	at org.openqa.selenium.remote.RemoteWebDriver.execute(RemoteWebDriver.java:641)
	at org.openqa.selenium.remote.RemoteWebElement.execute(RemoteWebElement.java:275)
	at org.openqa.selenium.remote.RemoteWebElement.click(RemoteWebElement.java:82)
	at jdk.internal.reflect.GeneratedMethodAccessor1.invoke(Unknown Source)
	at java.base/jdk.internal.reflect.DelegatingMethodAccessorImpl.invoke(DelegatingMethodAccessorImpl.java:43)
	at java.base/java.lang.reflect.Method.invoke(Method.java:564)
	at org.openqa.selenium.support.pagefactory.internal.LocatingElementHandler.invoke(LocatingElementHandler.java:51)
	at com.sun.proxy.$Proxy14.click(Unknown Source)
	at com.iftas.methods.AddingProduct.createExecution(AddingProduct.java:167)
	at com.iftas.methodsTest.AddingProductTest.CreateExe(AddingProductTest.java:47)
	at java.base/jdk.internal.reflect.NativeMethodAccessorImpl.invoke0(Native Method)
	at java.base/jdk.internal.reflect.NativeMethodAccessorImpl.invoke(NativeMethodAccessorImpl.java:62)
	at java.base/jdk.internal.reflect.DelegatingMethodAccessorImpl.invoke(DelegatingMethodAccessorImpl.java:43)
	at java.base/java.lang.reflect.Method.invoke(Method.java:564)
	at org.testng.internal.MethodInvocationHelper.invokeMethod(MethodInvocationHelper.java:108)
	at org.testng.internal.Invoker.invokeMethod(Invoker.java:661)
	at org.testng.internal.Invoker.invokeTestMethod(Invoker.java:869)
	at org.testng.internal.Invoker.invokeTestMethods(Invoker.java:1193)
	at org.testng.internal.TestMethodWorker.invokeTestMethods(TestMethodWorker.java:126)
	at org.testng.internal.TestMethodWorker.run(TestMethodWorker.java:109)
	at org.testng.TestRunner.privateRun(TestRunner.java:744)
	at org.testng.TestRunner.run(TestRunner.java:602)
	at org.testng.SuiteRunner.runTest(SuiteRunner.java:380)
	at org.testng.SuiteRunner.runSequentially(SuiteRunner.java:375)
	at org.testng.SuiteRunner.privateRun(SuiteRunner.java:340)
	at org.testng.SuiteRunner.run(SuiteRunner.java:289)
	at org.testng.SuiteRunnerWorker.runSuite(SuiteRunnerWorker.java:52)
	at org.testng.SuiteRunnerWorker.run(SuiteRunnerWorker.java:86)
	at org.testng.TestNG.runSuitesSequentially(TestNG.java:1301)
	at org.testng.TestNG.runSuitesLocally(TestNG.java:1226)
	at org.testng.TestNG.runSuites(TestNG.java:1144)
	at org.testng.TestNG.run(TestNG.java:1115)
	at org.testng.remote.AbstractRemoteTestNG.run(AbstractRemoteTestNG.java:115)
	at org.testng.remote.RemoteTestNG.initAndRun(RemoteTestNG.java:251)
	at org.testng.remote.RemoteTestNG.main(RemoteTestNG.java:77)
]]>
            </full-stacktrace>
          </exception> <!-- org.openqa.selenium.WebDriverException -->
          <reporter-output>
          </reporter-output>
        </test-method> <!-- CreateExe -->
        <test-method is-config="true" signature="tearDownMethod(org.testng.ITestResult)[pri:0, instance:com.iftas.methodsTest.AddingProductTest@5fbe4146]" started-at="2021-11-30T10:31:27Z" name="tearDownMethod" finished-at="2021-11-30T10:31:27Z" duration-ms="1" status="PASS">
          <params>
            <param index="0">
              <value>
                <![CDATA[[TestResult name=CreateExe status=FAILURE method=AddingProductTest.CreateExe()[pri:5, instance:com.iftas.methodsTest.AddingProductTest@5fbe4146] output={null}]]]>
              </value>
            </param>
          </params>
          <reporter-output>
          </reporter-output>
        </test-method> <!-- tearDownMethod -->
        <test-method signature="logout()[pri:6, instance:com.iftas.methodsTest.AddingProductTest@5fbe4146]" started-at="2021-11-30T10:31:51Z" name="logout" finished-at="2021-11-30T10:31:55Z" duration-ms="4386" status="PASS">
          <reporter-output>
          </reporter-output>
        </test-method> <!-- logout -->
        <test-method is-config="true" signature="tearDownMethod(org.testng.ITestResult)[pri:0, instance:com.iftas.methodsTest.AddingProductTest@5fbe4146]" started-at="2021-11-30T10:31:55Z" name="tearDownMethod" finished-at="2021-11-30T10:31:56Z" duration-ms="660" status="PASS">
          <params>
            <param index="0">
              <value>
                <![CDATA[[TestResult name=logout status=SUCCESS method=AddingProductTest.logout()[pri:6, instance:com.iftas.methodsTest.AddingProductTest@5fbe4146] output={null}]]]>
              </value>
            </param>
          </params>
          <reporter-output>
          </reporter-output>
        </test-method> <!-- tearDownMethod -->
        <test-method is-config="true" signature="tearDown()[pri:0, instance:com.iftas.methodsTest.AddingProductTest@5fbe4146]" started-at="2021-11-30T10:31:56Z" name="tearDown" finished-at="2021-11-30T10:31:56Z" duration-ms="0" status="PASS">
          <reporter-output>
          </reporter-output>
        </test-method> <!-- tearDown -->
      </class> <!-- com.iftas.methodsTest.AddingProductTest -->
      <class name="com.iftas.methodsTest.AddRoleTest">
        <test-method is-config="true" signature="setup()[pri:0, instance:com.iftas.methodsTest.AddRoleTest@1e66f1f5]" started-at="2021-11-30T10:28:16Z" name="setup" finished-at="2021-11-30T10:28:17Z" duration-ms="1757" status="PASS">
          <reporter-output>
          </reporter-output>
        </test-method> <!-- setup -->
        <test-method signature="loginDetails()[pri:1, instance:com.iftas.methodsTest.AddRoleTest@1e66f1f5]" started-at="2021-11-30T10:28:17Z" name="loginDetails" finished-at="2021-11-30T10:28:18Z" duration-ms="637" status="PASS">
          <reporter-output>
          </reporter-output>
        </test-method> <!-- loginDetails -->
        <test-method is-config="true" signature="tearDownMethod(org.testng.ITestResult)[pri:0, instance:com.iftas.methodsTest.AddRoleTest@1e66f1f5]" started-at="2021-11-30T10:28:18Z" name="tearDownMethod" finished-at="2021-11-30T10:28:19Z" duration-ms="514" status="PASS">
          <params>
            <param index="0">
              <value>
                <![CDATA[[TestResult name=loginDetails status=SUCCESS method=AddRoleTest.loginDetails()[pri:1, instance:com.iftas.methodsTest.AddRoleTest@1e66f1f5] output={null}]]]>
              </value>
            </param>
          </params>
          <reporter-output>
          </reporter-output>
        </test-method> <!-- tearDownMethod -->
        <test-method signature="CreateRole()[pri:2, instance:com.iftas.methodsTest.AddRoleTest@1e66f1f5]" started-at="2021-11-30T10:29:15Z" name="CreateRole" finished-at="2021-11-30T10:29:39Z" duration-ms="24205" status="PASS">
          <reporter-output>
          </reporter-output>
        </test-method> <!-- CreateRole -->
        <test-method is-config="true" signature="tearDownMethod(org.testng.ITestResult)[pri:0, instance:com.iftas.methodsTest.AddRoleTest@1e66f1f5]" started-at="2021-11-30T10:29:39Z" name="tearDownMethod" finished-at="2021-11-30T10:29:40Z" duration-ms="574" status="PASS">
          <params>
            <param index="0">
              <value>
                <![CDATA[[TestResult name=CreateRole status=SUCCESS method=AddRoleTest.CreateRole()[pri:2, instance:com.iftas.methodsTest.AddRoleTest@1e66f1f5] output={null}]]]>
              </value>
            </param>
          </params>
          <reporter-output>
          </reporter-output>
        </test-method> <!-- tearDownMethod -->
        <test-method signature="DeleteRole()[pri:3, instance:com.iftas.methodsTest.AddRoleTest@1e66f1f5]" started-at="2021-11-30T10:30:14Z" name="DeleteRole" finished-at="2021-11-30T10:30:21Z" duration-ms="7098" status="PASS">
          <reporter-output>
          </reporter-output>
        </test-method> <!-- DeleteRole -->
        <test-method is-config="true" signature="tearDownMethod(org.testng.ITestResult)[pri:0, instance:com.iftas.methodsTest.AddRoleTest@1e66f1f5]" started-at="2021-11-30T10:30:22Z" name="tearDownMethod" finished-at="2021-11-30T10:30:22Z" duration-ms="578" status="PASS">
          <params>
            <param index="0">
              <value>
                <![CDATA[[TestResult name=DeleteRole status=SUCCESS method=AddRoleTest.DeleteRole()[pri:3, instance:com.iftas.methodsTest.AddRoleTest@1e66f1f5] output={null}]]]>
              </value>
            </param>
          </params>
          <reporter-output>
          </reporter-output>
        </test-method> <!-- tearDownMethod -->
        <test-method signature="addmem()[pri:4, instance:com.iftas.methodsTest.AddRoleTest@1e66f1f5]" started-at="2021-11-30T10:31:06Z" name="addmem" finished-at="2021-11-30T10:31:17Z" duration-ms="11512" status="PASS">
          <reporter-output>
          </reporter-output>
        </test-method> <!-- addmem -->
        <test-method is-config="true" signature="tearDownMethod(org.testng.ITestResult)[pri:0, instance:com.iftas.methodsTest.AddRoleTest@1e66f1f5]" started-at="2021-11-30T10:31:17Z" name="tearDownMethod" finished-at="2021-11-30T10:31:18Z" duration-ms="546" status="PASS">
          <params>
            <param index="0">
              <value>
                <![CDATA[[TestResult name=addmem status=SUCCESS method=AddRoleTest.addmem()[pri:4, instance:com.iftas.methodsTest.AddRoleTest@1e66f1f5] output={null}]]]>
              </value>
            </param>
          </params>
          <reporter-output>
          </reporter-output>
        </test-method> <!-- tearDownMethod -->
        <test-method signature="logout()[pri:5, instance:com.iftas.methodsTest.AddRoleTest@1e66f1f5]" started-at="2021-11-30T10:31:27Z" name="logout" finished-at="2021-11-30T10:31:32Z" duration-ms="4380" status="PASS">
          <reporter-output>
          </reporter-output>
        </test-method> <!-- logout -->
        <test-method is-config="true" signature="tearDownMethod(org.testng.ITestResult)[pri:0, instance:com.iftas.methodsTest.AddRoleTest@1e66f1f5]" started-at="2021-11-30T10:31:32Z" name="tearDownMethod" finished-at="2021-11-30T10:31:33Z" duration-ms="593" status="PASS">
          <params>
            <param index="0">
              <value>
                <![CDATA[[TestResult name=logout status=SUCCESS method=AddRoleTest.logout()[pri:5, instance:com.iftas.methodsTest.AddRoleTest@1e66f1f5] output={null}]]]>
              </value>
            </param>
          </params>
          <reporter-output>
          </reporter-output>
        </test-method> <!-- tearDownMethod -->
        <test-method is-config="true" signature="tearDown()[pri:0, instance:com.iftas.methodsTest.AddRoleTest@1e66f1f5]" started-at="2021-11-30T10:31:33Z" name="tearDown" finished-at="2021-11-30T10:31:33Z" duration-ms="0" status="PASS">
          <reporter-output>
          </reporter-output>
        </test-method> <!-- tearDown -->
      </class> <!-- com.iftas.methodsTest.AddRoleTest -->
      <class name="com.iftas.methodsTest.TechnologiesTest">
        <test-method is-config="true" signature="setup()[pri:0, instance:com.iftas.methodsTest.TechnologiesTest@3c3d9b6b]" started-at="2021-11-30T10:28:07Z" name="setup" finished-at="2021-11-30T10:28:08Z" duration-ms="1314" status="PASS">
          <reporter-output>
          </reporter-output>
        </test-method> <!-- setup -->
        <test-method signature="loginDetails()[pri:1, instance:com.iftas.methodsTest.TechnologiesTest@3c3d9b6b]" started-at="2021-11-30T10:28:08Z" name="loginDetails" finished-at="2021-11-30T10:28:09Z" duration-ms="667" status="PASS">
          <reporter-output>
          </reporter-output>
        </test-method> <!-- loginDetails -->
        <test-method is-config="true" signature="tearDownMethod(org.testng.ITestResult)[pri:0, instance:com.iftas.methodsTest.TechnologiesTest@3c3d9b6b]" started-at="2021-11-30T10:28:09Z" name="tearDownMethod" finished-at="2021-11-30T10:28:10Z" duration-ms="638" status="PASS">
          <params>
            <param index="0">
              <value>
                <![CDATA[[TestResult name=loginDetails status=SUCCESS method=TechnologiesTest.loginDetails()[pri:1, instance:com.iftas.methodsTest.TechnologiesTest@3c3d9b6b] output={null}]]]>
              </value>
            </param>
          </params>
          <reporter-output>
          </reporter-output>
        </test-method> <!-- tearDownMethod -->
        <test-method signature="Activate()[pri:2, instance:com.iftas.methodsTest.TechnologiesTest@3c3d9b6b]" started-at="2021-11-30T10:28:27Z" name="Activate" finished-at="2021-11-30T10:28:40Z" duration-ms="12869" status="PASS">
          <reporter-output>
          </reporter-output>
        </test-method> <!-- Activate -->
        <test-method is-config="true" signature="tearDownMethod(org.testng.ITestResult)[pri:0, instance:com.iftas.methodsTest.TechnologiesTest@3c3d9b6b]" started-at="2021-11-30T10:28:40Z" name="tearDownMethod" finished-at="2021-11-30T10:28:40Z" duration-ms="402" status="PASS">
          <params>
            <param index="0">
              <value>
                <![CDATA[[TestResult name=Activate status=SUCCESS method=TechnologiesTest.Activate()[pri:2, instance:com.iftas.methodsTest.TechnologiesTest@3c3d9b6b] output={null}]]]>
              </value>
            </param>
          </params>
          <reporter-output>
          </reporter-output>
        </test-method> <!-- tearDownMethod -->
        <test-method signature="Deactivate()[pri:3, instance:com.iftas.methodsTest.TechnologiesTest@3c3d9b6b]" started-at="2021-11-30T10:29:50Z" name="Deactivate" finished-at="2021-11-30T10:30:03Z" duration-ms="12706" status="PASS">
          <reporter-output>
          </reporter-output>
        </test-method> <!-- Deactivate -->
        <test-method is-config="true" signature="tearDownMethod(org.testng.ITestResult)[pri:0, instance:com.iftas.methodsTest.TechnologiesTest@3c3d9b6b]" started-at="2021-11-30T10:30:03Z" name="tearDownMethod" finished-at="2021-11-30T10:30:04Z" duration-ms="421" status="PASS">
          <params>
            <param index="0">
              <value>
                <![CDATA[[TestResult name=Deactivate status=SUCCESS method=TechnologiesTest.Deactivate()[pri:3, instance:com.iftas.methodsTest.TechnologiesTest@3c3d9b6b] output={null}]]]>
              </value>
            </param>
          </params>
          <reporter-output>
          </reporter-output>
        </test-method> <!-- tearDownMethod -->
        <test-method signature="logout()[pri:4, instance:com.iftas.methodsTest.TechnologiesTest@3c3d9b6b]" started-at="2021-11-30T10:31:00Z" name="logout" finished-at="2021-11-30T10:31:05Z" duration-ms="4419" status="PASS">
          <reporter-output>
          </reporter-output>
        </test-method> <!-- logout -->
        <test-method is-config="true" signature="tearDownMethod(org.testng.ITestResult)[pri:0, instance:com.iftas.methodsTest.TechnologiesTest@3c3d9b6b]" started-at="2021-11-30T10:31:05Z" name="tearDownMethod" finished-at="2021-11-30T10:31:06Z" duration-ms="541" status="PASS">
          <params>
            <param index="0">
              <value>
                <![CDATA[[TestResult name=logout status=SUCCESS method=TechnologiesTest.logout()[pri:4, instance:com.iftas.methodsTest.TechnologiesTest@3c3d9b6b] output={null}]]]>
              </value>
            </param>
          </params>
          <reporter-output>
          </reporter-output>
        </test-method> <!-- tearDownMethod -->
        <test-method is-config="true" signature="tearDown()[pri:0, instance:com.iftas.methodsTest.TechnologiesTest@3c3d9b6b]" started-at="2021-11-30T10:31:06Z" name="tearDown" finished-at="2021-11-30T10:31:06Z" duration-ms="0" status="PASS">
          <reporter-output>
          </reporter-output>
        </test-method> <!-- tearDown -->
      </class> <!-- com.iftas.methodsTest.TechnologiesTest -->
    </test> <!-- SFMSApplication -->
  </suite> <!-- SeleniumDockerMaven212 -->
</testng-results>
